<?xml version="1.0" encoding="UTF-8"?>
<testng-results ignored="0" total="2" passed="2" failed="0" skipped="0">
  <reporter-output>
  </reporter-output>
  <suite started-at="2023-05-13T19:23:24 IST" name="Default suite" finished-at="2023-05-13T19:30:14 IST" duration-ms="409599">
    <groups>
    </groups>
    <test started-at="2023-05-13T19:23:24 IST" name="Default test" finished-at="2023-05-13T19:30:14 IST" duration-ms="409599">
      <class name="TImesheetOperations.FinalApproval10">
        <test-method is-config="true" signature="CallingBrowser()[pri:0, instance:TImesheetOperations.FinalApproval10@659a969b]" started-at="2023-05-13T19:23:24 IST" name="CallingBrowser" finished-at="2023-05-13T19:28:24 IST" duration-ms="300092" status="PASS">
          <reporter-output>
          </reporter-output>
        </test-method> <!-- CallingBrowser -->
        <test-method signature="ResetAction2()[pri:1, instance:TImesheetOperations.FinalApproval10@659a969b]" started-at="2023-05-13T19:28:24 IST" name="ResetAction2" finished-at="2023-05-13T19:29:33 IST" duration-ms="68881" status="PASS">
          <reporter-output>
          </reporter-output>
        </test-method> <!-- ResetAction2 -->
        <test-method signature="TimeSheetAction3()[pri:2, instance:TImesheetOperations.FinalApproval10@659a969b]" started-at="2023-05-13T19:29:33 IST" name="TimeSheetAction3" finished-at="2023-05-13T19:30:09 IST" duration-ms="36308" status="PASS">
          <reporter-output>
          </reporter-output>
        </test-method> <!-- TimeSheetAction3 -->
        <test-method is-config="true" signature="EndLogin()[pri:0, instance:TImesheetOperations.FinalApproval10@659a969b]" started-at="2023-05-13T19:30:09 IST" name="EndLogin" finished-at="2023-05-13T19:30:14 IST" duration-ms="4261" status="PASS">
          <reporter-output>
          </reporter-output>
        </test-method> <!-- EndLogin -->
      </class> <!-- TImesheetOperations.FinalApproval10 -->
    </test> <!-- Default test -->
  </suite> <!-- Default suite -->
</testng-results>
